<?xml version="1.0" encoding="UTF-8"?>
<testsuite xmlns:xsi="http://www.w3.org/2001/XMLSchema-instance" xsi:noNamespaceSchemaLocation="https://maven.apache.org/surefire/maven-surefire-plugin/xsd/surefire-test-report-3.0.xsd" version="3.0" name="com.creditapp.demo.actions.FileUploadActionTest" time="0.056" tests="4" errors="0" skipped="0" failures="0">
  <properties>
[...]
</properties>
  <testcase name="testGettersAndSetters" classname="com.creditapp.demo.actions.FileUploadActionTest" time="0.006"/>
  <testcase name="testExecuteWithNoFile" classname="com.creditapp.demo.actions.FileUploadActionTest" time="0"/>
  <testcase name="testExecuteWithValidFile" classname="com.creditapp.demo.actions.FileUploadActionTest" time="0.001"/>
  <testcase name="testMultipleFileUploads" classname="com.creditapp.demo.actions.FileUploadActionTest" time="0.001"/>
</testsuite>